<?xml version="1.0" encoding="utf-8"?><testsuites name="pytest tests"><testsuite name="pytest" errors="0" failures="0" skipped="0" tests="10" time="21.774" timestamp="2026-06-08T18:31:45.096203-04:00" hostname="LAPTOP-NMUE7O5E"><testcase classname="backend.tests.integration.test_api_ordenes" name="test_get_ordenes" time="15.628" /><testcase classname="backend.tests.integration.test_api_ordenes" name="test_post_orden" time="0.460" /><testcase classname="backend.tests.integration.test_api_produccion" name="test_get_produccion" time="0.388" /><testcase classname="backend.tests.integration.test_api_produccion" name="test_post_produccion" time="0.875" /><testcase classname="backend.tests.integration.test_api_trabajadores" name="test_get_trabajadores" time="0.408" /><testcase classname="backend.tests.integration.test_api_trabajadores" name="test_post_trabajador" time="0.495" /><testcase classname="backend.tests.unit.test_ia_anomalias" name="test_detectar_anomalia_devuelve_true_si_produccion_menor_al_60_por_ciento" time="0.003" /><testcase classname="backend.tests.unit.test_ia_anomalias" name="test_detectar_anomalia_devuelve_false_si_esta_en_rango_normal" time="0.002" /><testcase classname="backend.tests.unit.test_recomendaciones" name="test_generar_recomendacion_con_anomalia_devuelve_recomendacion" time="0.003" /><testcase classname="backend.tests.unit.test_recomendaciones" name="test_generar_recomendacion_sin_anomalia_devuelve_mensaje_normal" time="3.145" /></testsuite></testsuites>